
---------------
Prepare Security header for output: SOAP class=TRU.MyEnsembleRequestWebServiceSoap, method=SendOrder


03/11/2016 01:27:15 *********************
Output from Web client with SOAP action = http://tempuri.org/TRU.Service.SOAP.SendOrder
<?xml version="1.0" encoding="UTF-8" ?>
<SOAP-ENV:Envelope xmlns:SOAP-ENV='http://schemas.xmlsoap.org/soap/envelope/' xmlns:xsi='http://www.w3.org/2001/XMLSchema-instance' xmlns:s='http://www.w3.org/2001/XMLSchema' xmlns:wsse='http://docs.oasis-open.org/wss/2004/01/oasis-200401-wss-wssecurity-secext-1.0.xsd' xmlns:wsu='http://docs.oasis-open.org/wss/2004/01/oasis-200401-wss-wssecurity-utility-1.0.xsd'>
  <SOAP-ENV:Header>
<Security xmlns="http://docs.oasis-open.org/wss/2004/01/oasis-200401-wss-wssecurity-secext-1.0.xsd"><UsernameToken><Username>_SYSTEM</Username><Password Type="http://docs.oasis-open.org/wss/2004/01/oasis-200401-wss-username-token-profile-1.0#PasswordText">SYS</Password></UsernameToken></Security>  </SOAP-ENV:Header>
  <SOAP-ENV:Body><SendOrder xmlns="http://tempuri.org"><pRequest><Name>Optical Enhancer</Name>
<City>Cambridge</City>
<Code>Q0013</Code>
<Quantity>1</Quantity>
<ShipBy></ShipBy>
</pRequest></SendOrder></SOAP-ENV:Body>
</SOAP-ENV:Envelope>


03/11/2016 01:27:15 *********************
Input to Web client with SOAP action = http://tempuri.org/TRU.Service.SOAP.SendOrder
<?xml version="1.0" encoding="UTF-8" ?>
<SOAP-ENV:Envelope xmlns:SOAP-ENV='http://schemas.xmlsoap.org/soap/envelope/' xmlns:xsi='http://www.w3.org/2001/XMLSchema-instance' xmlns:s='http://www.w3.org/2001/XMLSchema'>
  <SOAP-ENV:Body><SendOrderResponse xmlns="http://tempuri.org"><SendOrderResult><Ordered>true</Ordered><Message>Your order has been shipped.</Message><Name>Optical Enhancer</Name><City>Cambridge</City><Product>Extra Time</Product><UnitPrice>19.95</UnitPrice><Discount>0</Discount><Quantity>1</Quantity><ShippingMethod></ShippingMethod><SubTotal>19.95</SubTotal><Shipping>5</Shipping><TotalPrice>24.95</TotalPrice><OrderNumber>402</OrderNumber><ShippingCompany>UPS</ShippingCompany><TrackingNumber>20160311-54405-592836</TrackingNumber></SendOrderResult></SendOrderResponse></SOAP-ENV:Body>
</SOAP-ENV:Envelope>

---------------
Validate Security header: action=http://tempuri.org/TRU.Service.SOAP.SendOrder, MethodName=SendOrder
